[{"Plan":{"Node Type":"Nested Loop","Startup Cost":0.0,"Total Cost":25.0,"Plan Rows":100,"Plans":[{"Node Type":"Seq Scan","Relation Name":"users","Startup Cost":0.0,"Total Cost":10.0,"Plan Rows":100},{"Node Type":"Index Scan","Relation Name":"posts","Startup Cost":0.0,"Total Cost":12.0,"Plan Rows":1}]}]}]